04:22 07:36:46 failed1, retrying...
04:22 07:36:53 【系统】客商：多谢各位大侠，贼人被杀灭啦~
【系统】恶棍：哈哈哈，老子又得手啦~
【系统】奇侠：风南对着地痞喝道：来来来，今日咱俩比一个高低！
【系统】云老四不怀好意地对着柳小花笑道：哟~小妞陪大爷我玩玩吧~
【系统】奇侠：李宇飞对着乞丐喝道：来来来，今日咱俩比一个高低！
04:22 07:37:43 【系统】王铁匠：多谢各位大侠，贼人被杀灭啦~
04:22 07:38:33 【系统】剧盗对着杨掌柜叫道：喂，老匹夫！想要消灾赶紧掏钱，要不然老子可不客气了！
04:22 07:38:50 【系统】杨掌柜：剧盗正在行凶，各位侠客行行好来救救我吧~
04:22 07:39:07 【系统】游侠会：听说罗烈出来闯荡江湖了，目前正在前往晚月庄的路上。
04:22 07:39:07 complete sending
04:22 07:39:13 【系统】罗烈在晚月庄，得意地从怀中掏出玄铁碎片晃了晃，道：垂涎吗？
04:22 07:40:59 【系统】刘守财：多谢各位大侠，贼人被杀灭啦~
04:22 07:41:10 【系统】客商：多谢各位大侠，贼人被杀灭啦~
04:22 07:41:27 【系统】柳小花：云老四正在行凶，各位侠客行行好来救救我吧~
04:22 07:41:38 【系统】流寇不怀好意地对着柳小花笑道：哟~小妞陪大爷我玩玩吧~
04:22 07:42:17 【系统】柳小花：流寇正在行凶，各位侠客行行好来救救我吧~
04:22 07:42:28 【系统】柳小花：流寇正在行凶，各位侠客行行好来救救我吧~
04:22 07:42:40 【系统】柳小花：多谢各位大侠，贼人被杀灭啦~
【系统】岳老三对着杨掌柜叫道：喂，老匹夫！想要消灾赶紧掏钱，要不然老子可不客气了！
04:22 07:42:45 【系统】柳小花：云老四正在行凶，各位侠客行行好来救救我吧~
04:22 07:42:51 【系统】杨掌柜：剧盗正在行凶，各位侠客行行好来救救我吧~
04:22 07:42:56 【系统】柳小花：多谢各位大侠，贼人被杀灭啦~
04:22 07:43:13 【系统】柳小花：多谢各位大侠，贼人被杀灭啦~
04:22 07:43:35 【系统】柳小花：多谢各位大侠，贼人被杀灭啦~
04:22 07:43:41 【系统】岳老三对着朱老伯叫道：喂，老匹夫！想要消灾赶紧掏钱，要不然老子可不客气了！
【系统】青龙会组织：岳老三正在桑邻药铺施展力量，本会愿出星河剑的战利品奖励给本场战斗的最终获胜者。
04:22 07:43:42 complete sending
04:22 07:44:43 【系统】剧盗对着方老板叫道：喂，臭贼！想要消灾赶紧掏钱，要不然老子可不客气了！
04:22 07:45:17 【系统】杨掌柜：岳老三正在行凶，各位侠客行行好来救救我吧~
04:22 07:45:39 【系统】杨掌柜：多谢各位大侠，贼人被杀灭啦~
04:22 07:45:45 【系统】云老四不怀好意地对着柳绘心笑道：哟~小妞陪大爷我玩玩吧~
【系统】青龙会组织：岳老三正在祠堂大门施展力量，本会愿出明月戒的战利品奖励给本场战斗的最终获胜者。
04:22 07:45:45 complete sending
04:22 07:45:51 【系统】杨掌柜：多谢各位大侠，贼人被杀灭啦~
04:22 07:46:19 【系统】杨掌柜：多谢各位大侠，贼人被杀灭啦~
04:22 07:46:47 【系统】岳老三不怀好意地对着方寡妇笑道：哟~小妞陪大爷我玩玩吧~
04:22 07:46:58 【系统】杨掌柜：多谢各位大侠，贼人被杀灭啦~
04:22 07:47:15 【系统】柳绘心：云老四正在行凶，各位侠客行行好来救救我吧~
04:22 07:47:32 【系统】朱老伯：岳老三正在行凶，各位侠客行行好来救救我吧~
04:22 07:47:49 【系统】剧盗对着刘守财叫道：喂，老匹夫！想要消灾赶紧掏钱，要不然老子可不客气了！
04:22 07:48:00 【系统】柳绘心：云老四正在行凶，各位侠客行行好来救救我吧~
04:22 07:48:34 【系统】方老板：剧盗正在行凶，各位侠客行行好来救救我吧~
04:22 07:48:35 【系统】游侠会：听说管家出来闯荡江湖了，目前正在前往恒山的路上。
04:22 07:48:45 【系统】方寡妇：岳老三正在行凶，各位侠客行行好来救救我吧~
04:22 07:48:51 【系统】岳老三对着刘守财叫道：喂，老匹夫！想要消灾赶紧掏钱，要不然老子可不客气了！
04:22 07:49:13 【系统】岳老三：哈哈哈，老子又得手啦~
04:22 07:49:17 【系统】游侠会：听说管家出来闯荡江湖了，目前正在前往恒山的路上。
04:22 07:49:19 【系统】岳老三：老子懒得陪你们玩了！
【系统】官府：岳老三慌不择路，逃往了少林寺-丛林山径
04:22 07:49:25 【系统】流寇：哈哈哈，老子又得手啦~
04:22 07:49:53 【系统】岳老三不怀好意地对着方寡妇笑道：哟~小妞陪大爷我玩玩吧~
04:22 07:49:59 【系统】刘守财：岳老三正在行凶，各位侠客行行好来救救我吧~
04:22 07:50:15 【系统】奇侠：浪唤雨对着黎生喝道：来来来，今日咱俩比一个高低！
04:22 07:50:21 【系统】方老板：剧盗正在行凶，各位侠客行行好来救救我吧~
04:22 07:50:49 【系统】刘守财：岳老三正在行凶，各位侠客行行好来救救我吧~
04:22 07:51:00 【系统】流寇对着杨掌柜叫道：喂，老匹夫！想要消灾赶紧掏钱，要不然老子可不客气了！
【系统】山河藏宝图：听说绝世高手遗落了许多宝物在秘密之所，请到雪亭镇-木屋-花不为处购买山河藏宝图前往寻找。
04:22 07:51:34 【系统】刘守财：剧盗正在行凶，各位侠客行行好来救救我吧~
04:22 07:51:57 【系统】刘守财：多谢各位大侠，贼人被杀灭啦~
04:22 07:52:02 【系统】流寇对着刘守财叫道：喂，老匹夫！想要消灾赶紧掏钱，要不然老子可不客气了！
【系统】杨掌柜：流寇正在行凶，各位侠客行行好来救救我吧~
04:22 07:53:04 【系统】二娘对着方老板叫道：喂，臭贼！想要消灾赶紧掏钱，要不然老子可不客气了！
【系统】青龙会组织：岳老三正在厅堂施展力量，本会愿出天寒戒的战利品奖励给本场战斗的最终获胜者。
04:22 07:54:28 【系统】云老四：哈哈哈，老子又得手啦~
04:22 07:59:59 【系统】游侠会：听说管家出来闯荡江湖了，目前正在前往恒山的路上。
04:22 08:00:28 failed1, retrying...
04:22 08:00:39 failed1, retrying...
04:22 08:00:49 failed1, retrying...
04:22 08:00:59 failed1, retrying...
04:22 08:01:09 failed1, retrying...
04:22 08:01:19 failed1, retrying...
04:22 08:01:29 failed1, retrying...
04:22 08:01:40 failed1, retrying...
04:22 08:01:50 failed1, retrying...
04:22 08:02:07 failed1, retrying...
04:22 08:02:14 【系统】方老板：二娘正在行凶，各位侠客行行好来救救我吧~
【系统】云老四对着王铁匠叫道：喂，臭贼！想要消灾赶紧掏钱，要不然老子可不客气了！
【系统】刘守财：多谢各位大侠，贼人被杀灭啦~
【系统】奇侠：庞统对着黎生喝道：来来来，今日咱俩比一个高低！
【系统】方老板：二娘正在行凶，各位侠客行行好来救救我吧~
【系统】云老四对着杨掌柜叫道：喂，老匹夫！想要消灾赶紧掏钱，要不然老子可不客气了！
【系统】方寡妇：岳老三正在行凶，各位侠客行行好来救救我吧~
【系统】方寡妇：岳老三正在行凶，各位侠客行行好来救救我吧~
【系统】王铁匠：云老四正在行凶，各位侠客行行好来救救我吧~
【系统】奇侠：李宇飞对着鲁有脚喝道：来来来，今日咱俩比一个高低！
【系统】刘守财：流寇正在行凶，各位侠客行行好来救救我吧~
【系统】杨掌柜：云老四正在行凶，各位侠客行行好来救救我吧~
【系统】方寡妇：多谢各位大侠，贼人被杀灭啦~
04:22 08:02:20 【系统】恶棍不怀好意地对着卖花姑娘笑道：哟~小妞陪大爷我玩玩吧~
04:22 08:02:25 【系统】奇侠：王蓉对着*喝道：来来来，今日咱俩比一个高低！
04:22 08:02:59 【系统】杨掌柜：云老四正在行凶，各位侠客行行好来救救我吧~
04:22 08:03:05 【系统】方寡妇：岳老三正在行凶，各位侠客行行好来救救我吧~
04:22 08:05:03 【系统】方老板：多谢各位大侠，贼人被杀灭啦~
04:22 08:05:19 【系统】剧盗不怀好意地对着柳绘心笑道：哟~小妞陪大爷我玩玩吧~
04:22 08:05:48 【系统】奇侠：逆风舞对着小偷喝道：来来来，今日咱俩比一个高低！
04:22 08:06:10 【系统】刘守财：流寇正在行凶，各位侠客行行好来救救我吧~
04:22 08:06:50 【系统】奇侠：火云邪神对着守城士兵喝道：来来来，今日咱俩比一个高低！
04:22 08:06:55 【系统】卖花姑娘：恶棍正在行凶，各位侠客行行好来救救我吧~
04:22 08:07:24 【系统】奇侠：逆风舞对着黑衣打手喝道：来来来，今日咱俩比一个高低！
04:22 08:08:26 【系统】奇侠：浪唤雨对着野狗喝道：来来来，今日咱俩比一个高低！
04:22 08:09:56 【系统】奇侠：风南对着地痞喝道：来来来，今日咱俩比一个高低！
【系统】卖花姑娘：恶棍正在行凶，各位侠客行行好来救救我吧~
04:22 08:10:30 【系统】柳绘心：剧盗正在行凶，各位侠客行行好来救救我吧~
04:22 08:11:37 【系统】王铁匠：云老四正在行凶，各位侠客行行好来救救我吧~
04:22 08:13:52 【系统】奇侠：风南对着乞丐喝道：来来来，今日咱俩比一个高低！
04:22 08:14:14 【系统】奇侠：李宇飞对着恶棍喝道：来来来，今日咱俩比一个高低！
04:22 08:14:20 【系统】卖花姑娘：多谢各位大侠，贼人被杀灭啦~
04:22 08:14:37 【系统】恶棍不怀好意地对着卖花姑娘笑道：哟~小妞陪大爷我玩玩吧~
04:22 08:15:16 【系统】卖花姑娘：恶棍正在行凶，各位侠客行行好来救救我吧~
04:22 08:15:22 【系统】奇侠：步惊鸿对着魏无极喝道：来来来，今日咱俩比一个高低！
04:22 08:18:55 【系统】卖花姑娘：多谢各位大侠，贼人被杀灭啦~
04:22 08:19:46 【系统】二娘对着王铁匠叫道：喂，臭贼！想要消灾赶紧掏钱，要不然老子可不客气了！
04:22 08:20:14 【系统】柳绘心：剧盗正在行凶，各位侠客行行好来救救我吧~
